    Finished `dev` profile [unoptimized + debuginfo] target(s) in 0.01s
Generating JSON IR for bits.test.fidl -> bits.json
Wrote JSON to goldens/bits.json
Generating JSON IR for enum.test.fidl -> enum.json
Wrote JSON to goldens/enum.json
Generating JSON IR for struct.test.fidl -> struct.json
Wrote JSON to goldens/struct.json
Generating JSON IR for table.test.fidl -> table.json
Wrote JSON to goldens/table.json
--- fidlc/goldens/table.json.golden	2025-12-11 15:07:12.197499684 -0800
+++ goldens/table.json	2026-02-12 23:12:00.183616059 -0800
@@ -104,8 +104,8 @@
           "location": {
             "filename": "../../tools/fidl/fidlc/testdata/table.test.fidl",
             "line": 17,
-            "column": 8,
-            "length": 1
+            "column": 5,
+            "length": 11
           },
           "deprecated": false
         },
@@ -128,8 +128,8 @@
           "location": {
             "filename": "../../tools/fidl/fidlc/testdata/table.test.fidl",
             "line": 18,
-            "column": 8,
-            "length": 1
+            "column": 5,
+            "length": 11
           },
           "deprecated": false
         },
@@ -152,8 +152,8 @@
           "location": {
             "filename": "../../tools/fidl/fidlc/testdata/table.test.fidl",
             "line": 19,
-            "column": 8,
-            "length": 1
+            "column": 5,
+            "length": 11
           },
           "deprecated": false
         }
@@ -202,8 +202,8 @@
           "location": {
             "filename": "../../tools/fidl/fidlc/testdata/table.test.fidl",
             "line": 13,
-            "column": 8,
-            "length": 1
+            "column": 5,
+            "length": 11
           },
           "deprecated": false
         }
@@ -252,8 +252,8 @@
           "location": {
             "filename": "../../tools/fidl/fidlc/testdata/table.test.fidl",
             "line": 25,
-            "column": 8,
-            "length": 1
+            "column": 5,
+            "length": 11
           },
           "deprecated": false
         },
@@ -276,8 +276,8 @@
           "location": {
             "filename": "../../tools/fidl/fidlc/testdata/table.test.fidl",
             "line": 24,
-            "column": 8,
-            "length": 1
+            "column": 5,
+            "length": 11
           },
           "deprecated": false
         },
@@ -300,8 +300,8 @@
           "location": {
             "filename": "../../tools/fidl/fidlc/testdata/table.test.fidl",
             "line": 23,
-            "column": 8,
-            "length": 1
+            "column": 5,
+            "length": 11
           },
           "deprecated": false
         }
@@ -350,8 +350,8 @@
           "location": {
             "filename": "../../tools/fidl/fidlc/testdata/table.test.fidl",
             "line": 7,
-            "column": 8,
-            "length": 1
+            "column": 5,
+            "length": 11
           },
           "deprecated": false
         },
@@ -374,8 +374,8 @@
           "location": {
             "filename": "../../tools/fidl/fidlc/testdata/table.test.fidl",
             "line": 8,
-            "column": 8,
-            "length": 1
+            "column": 5,
+            "length": 11
           },
           "deprecated": false
         }
@@ -424,8 +424,8 @@
           "location": {
             "filename": "../../tools/fidl/fidlc/testdata/table.test.fidl",
             "line": 38,
-            "column": 8,
-            "length": 2
+            "column": 5,
+            "length": 12
           },
           "deprecated": false
         },
@@ -448,8 +448,8 @@
           "location": {
             "filename": "../../tools/fidl/fidlc/testdata/table.test.fidl",
             "line": 39,
-            "column": 8,
-            "length": 2
+            "column": 5,
+            "length": 12
           },
           "deprecated": false
         },
@@ -472,8 +472,8 @@
           "location": {
             "filename": "../../tools/fidl/fidlc/testdata/table.test.fidl",
             "line": 40,
-            "column": 8,
-            "length": 2
+            "column": 5,
+            "length": 12
           },
           "deprecated": false
         },
@@ -496,8 +496,8 @@
           "location": {
             "filename": "../../tools/fidl/fidlc/testdata/table.test.fidl",
             "line": 41,
-            "column": 8,
-            "length": 2
+            "column": 5,
+            "length": 12
           },
           "deprecated": false
         },
@@ -520,8 +520,8 @@
           "location": {
             "filename": "../../tools/fidl/fidlc/testdata/table.test.fidl",
             "line": 42,
-            "column": 8,
-            "length": 2
+            "column": 5,
+            "length": 12
           },
           "deprecated": false
         },
@@ -544,8 +544,8 @@
           "location": {
             "filename": "../../tools/fidl/fidlc/testdata/table.test.fidl",
             "line": 43,
-            "column": 8,
-            "length": 2
+            "column": 5,
+            "length": 12
           },
           "deprecated": false
         },
@@ -568,8 +568,8 @@
           "location": {
             "filename": "../../tools/fidl/fidlc/testdata/table.test.fidl",
             "line": 44,
-            "column": 8,
-            "length": 2
+            "column": 5,
+            "length": 12
           },
           "deprecated": false
         },
@@ -592,8 +592,8 @@
           "location": {
             "filename": "../../tools/fidl/fidlc/testdata/table.test.fidl",
             "line": 45,
-            "column": 8,
-            "length": 2
+            "column": 5,
+            "length": 12
           },
           "deprecated": false
         },
@@ -616,8 +616,8 @@
           "location": {
             "filename": "../../tools/fidl/fidlc/testdata/table.test.fidl",
             "line": 46,
-            "column": 8,
-            "length": 2
+            "column": 5,
+            "length": 12
           },
           "deprecated": false
         },
@@ -640,8 +640,8 @@
           "location": {
             "filename": "../../tools/fidl/fidlc/testdata/table.test.fidl",
             "line": 47,
-            "column": 9,
-            "length": 3
+            "column": 5,
+            "length": 14
           },
           "deprecated": false
         },
@@ -664,8 +664,8 @@
           "location": {
             "filename": "../../tools/fidl/fidlc/testdata/table.test.fidl",
             "line": 48,
-            "column": 9,
-            "length": 3
+            "column": 5,
+            "length": 14
           },
           "deprecated": false
         },
@@ -688,8 +688,8 @@
           "location": {
             "filename": "../../tools/fidl/fidlc/testdata/table.test.fidl",
             "line": 49,
-            "column": 9,
-            "length": 3
+            "column": 5,
+            "length": 14
           },
           "deprecated": false
         },
@@ -712,8 +712,8 @@
           "location": {
             "filename": "../../tools/fidl/fidlc/testdata/table.test.fidl",
             "line": 50,
-            "column": 9,
-            "length": 3
+            "column": 5,
+            "length": 14
           },
           "deprecated": false
         },
@@ -736,8 +736,8 @@
           "location": {
             "filename": "../../tools/fidl/fidlc/testdata/table.test.fidl",
             "line": 51,
-            "column": 9,
-            "length": 3
+            "column": 5,
+            "length": 14
           },
           "deprecated": false
         },
@@ -760,8 +760,8 @@
           "location": {
             "filename": "../../tools/fidl/fidlc/testdata/table.test.fidl",
             "line": 52,
-            "column": 9,
-            "length": 3
+            "column": 5,
+            "length": 14
           },
           "deprecated": false
         },
@@ -784,8 +784,8 @@
           "location": {
             "filename": "../../tools/fidl/fidlc/testdata/table.test.fidl",
             "line": 53,
-            "column": 9,
-            "length": 3
+            "column": 5,
+            "length": 14
           },
           "deprecated": false
         },
@@ -808,8 +808,8 @@
           "location": {
             "filename": "../../tools/fidl/fidlc/testdata/table.test.fidl",
             "line": 54,
-            "column": 9,
-            "length": 3
+            "column": 5,
+            "length": 14
           },
           "deprecated": false
         },
@@ -832,8 +832,8 @@
           "location": {
             "filename": "../../tools/fidl/fidlc/testdata/table.test.fidl",
             "line": 55,
-            "column": 9,
-            "length": 3
+            "column": 5,
+            "length": 14
           },
           "deprecated": false
         },
@@ -856,8 +856,8 @@
           "location": {
             "filename": "../../tools/fidl/fidlc/testdata/table.test.fidl",
             "line": 56,
-            "column": 9,
-            "length": 3
+            "column": 5,
+            "length": 14
           },
           "deprecated": false
         },
@@ -880,8 +880,8 @@
           "location": {
             "filename": "../../tools/fidl/fidlc/testdata/table.test.fidl",
             "line": 57,
-            "column": 9,
-            "length": 3
+            "column": 5,
+            "length": 14
           },
           "deprecated": false
         },
@@ -904,8 +904,8 @@
           "location": {
             "filename": "../../tools/fidl/fidlc/testdata/table.test.fidl",
             "line": 58,
-            "column": 9,
-            "length": 3
+            "column": 5,
+            "length": 14
           },
           "deprecated": false
         },
@@ -928,8 +928,8 @@
           "location": {
             "filename": "../../tools/fidl/fidlc/testdata/table.test.fidl",
             "line": 59,
-            "column": 9,
-            "length": 3
+            "column": 5,
+            "length": 14
           },
           "deprecated": false
         },
@@ -952,8 +952,8 @@
           "location": {
             "filename": "../../tools/fidl/fidlc/testdata/table.test.fidl",
             "line": 60,
-            "column": 9,
-            "length": 3
+            "column": 5,
+            "length": 14
           },
           "deprecated": false
         },
@@ -976,8 +976,8 @@
           "location": {
             "filename": "../../tools/fidl/fidlc/testdata/table.test.fidl",
             "line": 61,
-            "column": 9,
-            "length": 3
+            "column": 5,
+            "length": 14
           },
           "deprecated": false
         },
@@ -1000,8 +1000,8 @@
           "location": {
             "filename": "../../tools/fidl/fidlc/testdata/table.test.fidl",
             "line": 62,
-            "column": 9,
-            "length": 3
+            "column": 5,
+            "length": 14
           },
           "deprecated": false
         },
@@ -1024,8 +1024,8 @@
           "location": {
             "filename": "../../tools/fidl/fidlc/testdata/table.test.fidl",
             "line": 63,
-            "column": 9,
-            "length": 3
+            "column": 5,
+            "length": 14
           },
           "deprecated": false
         },
@@ -1048,8 +1048,8 @@
           "location": {
             "filename": "../../tools/fidl/fidlc/testdata/table.test.fidl",
             "line": 64,
-            "column": 9,
-            "length": 3
+            "column": 5,
+            "length": 14
           },
           "deprecated": false
         },
@@ -1072,8 +1072,8 @@
           "location": {
             "filename": "../../tools/fidl/fidlc/testdata/table.test.fidl",
             "line": 65,
-            "column": 9,
-            "length": 3
+            "column": 5,
+            "length": 14
           },
           "deprecated": false
         },
@@ -1096,8 +1096,8 @@
           "location": {
             "filename": "../../tools/fidl/fidlc/testdata/table.test.fidl",
             "line": 66,
-            "column": 9,
-            "length": 3
+            "column": 5,
+            "length": 14
           },
           "deprecated": false
         },
@@ -1120,8 +1120,8 @@
           "location": {
             "filename": "../../tools/fidl/fidlc/testdata/table.test.fidl",
             "line": 67,
-            "column": 9,
-            "length": 3
+            "column": 5,
+            "length": 14
           },
           "deprecated": false
         },
@@ -1144,8 +1144,8 @@
           "location": {
             "filename": "../../tools/fidl/fidlc/testdata/table.test.fidl",
             "line": 68,
-            "column": 9,
-            "length": 3
+            "column": 5,
+            "length": 14
           },
           "deprecated": false
         },
@@ -1168,8 +1168,8 @@
           "location": {
             "filename": "../../tools/fidl/fidlc/testdata/table.test.fidl",
             "line": 69,
-            "column": 9,
-            "length": 3
+            "column": 5,
+            "length": 14
           },
           "deprecated": false
         },
@@ -1192,8 +1192,8 @@
           "location": {
             "filename": "../../tools/fidl/fidlc/testdata/table.test.fidl",
             "line": 70,
-            "column": 9,
-            "length": 3
+            "column": 5,
+            "length": 14
           },
           "deprecated": false
         },
@@ -1216,8 +1216,8 @@
           "location": {
             "filename": "../../tools/fidl/fidlc/testdata/table.test.fidl",
             "line": 71,
-            "column": 9,
-            "length": 3
+            "column": 5,
+            "length": 14
           },
           "deprecated": false
         },
@@ -1240,8 +1240,8 @@
           "location": {
             "filename": "../../tools/fidl/fidlc/testdata/table.test.fidl",
             "line": 72,
-            "column": 9,
-            "length": 3
+            "column": 5,
+            "length": 14
           },
           "deprecated": false
         },
@@ -1264,8 +1264,8 @@
           "location": {
             "filename": "../../tools/fidl/fidlc/testdata/table.test.fidl",
             "line": 73,
-            "column": 9,
-            "length": 3
+            "column": 5,
+            "length": 14
           },
           "deprecated": false
         },
@@ -1288,8 +1288,8 @@
           "location": {
             "filename": "../../tools/fidl/fidlc/testdata/table.test.fidl",
             "line": 74,
-            "column": 9,
-            "length": 3
+            "column": 5,
+            "length": 14
           },
           "deprecated": false
         },
@@ -1312,8 +1312,8 @@
           "location": {
             "filename": "../../tools/fidl/fidlc/testdata/table.test.fidl",
             "line": 75,
-            "column": 9,
-            "length": 3
+            "column": 5,
+            "length": 14
           },
           "deprecated": false
         },
@@ -1336,8 +1336,8 @@
           "location": {
             "filename": "../../tools/fidl/fidlc/testdata/table.test.fidl",
             "line": 76,
-            "column": 9,
-            "length": 3
+            "column": 5,
+            "length": 14
           },
           "deprecated": false
         },
@@ -1360,8 +1360,8 @@
           "location": {
             "filename": "../../tools/fidl/fidlc/testdata/table.test.fidl",
             "line": 77,
-            "column": 9,
-            "length": 3
+            "column": 5,
+            "length": 14
           },
           "deprecated": false
         },
@@ -1384,8 +1384,8 @@
           "location": {
             "filename": "../../tools/fidl/fidlc/testdata/table.test.fidl",
             "line": 78,
-            "column": 9,
-            "length": 3
+            "column": 5,
+            "length": 14
           },
           "deprecated": false
         },
@@ -1408,8 +1408,8 @@
           "location": {
             "filename": "../../tools/fidl/fidlc/testdata/table.test.fidl",
             "line": 79,
-            "column": 9,
-            "length": 3
+            "column": 5,
+            "length": 14
           },
           "deprecated": false
         },
@@ -1432,8 +1432,8 @@
           "location": {
             "filename": "../../tools/fidl/fidlc/testdata/table.test.fidl",
             "line": 80,
-            "column": 9,
-            "length": 3
+            "column": 5,
+            "length": 14
           },
           "deprecated": false
         },
@@ -1456,8 +1456,8 @@
           "location": {
             "filename": "../../tools/fidl/fidlc/testdata/table.test.fidl",
             "line": 81,
-            "column": 9,
-            "length": 3
+            "column": 5,
+            "length": 14
           },
           "deprecated": false
         },
@@ -1480,8 +1480,8 @@
           "location": {
             "filename": "../../tools/fidl/fidlc/testdata/table.test.fidl",
             "line": 82,
-            "column": 9,
-            "length": 3
+            "column": 5,
+            "length": 14
           },
           "deprecated": false
         },
@@ -1504,8 +1504,8 @@
           "location": {
             "filename": "../../tools/fidl/fidlc/testdata/table.test.fidl",
             "line": 83,
-            "column": 9,
-            "length": 3
+            "column": 5,
+            "length": 14
           },
           "deprecated": false
         },
@@ -1528,8 +1528,8 @@
           "location": {
             "filename": "../../tools/fidl/fidlc/testdata/table.test.fidl",
             "line": 84,
-            "column": 9,
-            "length": 3
+            "column": 5,
+            "length": 14
           },
           "deprecated": false
         },
@@ -1552,8 +1552,8 @@
           "location": {
             "filename": "../../tools/fidl/fidlc/testdata/table.test.fidl",
             "line": 85,
-            "column": 9,
-            "length": 3
+            "column": 5,
+            "length": 14
           },
           "deprecated": false
         },
@@ -1576,8 +1576,8 @@
           "location": {
             "filename": "../../tools/fidl/fidlc/testdata/table.test.fidl",
             "line": 86,
-            "column": 9,
-            "length": 3
+            "column": 5,
+            "length": 14
           },
           "deprecated": false
         },
@@ -1600,8 +1600,8 @@
           "location": {
             "filename": "../../tools/fidl/fidlc/testdata/table.test.fidl",
             "line": 87,
-            "column": 9,
-            "length": 3
+            "column": 5,
+            "length": 14
           },
           "deprecated": false
         },
@@ -1624,8 +1624,8 @@
           "location": {
             "filename": "../../tools/fidl/fidlc/testdata/table.test.fidl",
             "line": 88,
-            "column": 9,
-            "length": 3
+            "column": 5,
+            "length": 14
           },
           "deprecated": false
         },
@@ -1648,8 +1648,8 @@
           "location": {
             "filename": "../../tools/fidl/fidlc/testdata/table.test.fidl",
             "line": 89,
-            "column": 9,
-            "length": 3
+            "column": 5,
+            "length": 14
           },
           "deprecated": false
         },
@@ -1672,8 +1672,8 @@
           "location": {
             "filename": "../../tools/fidl/fidlc/testdata/table.test.fidl",
             "line": 90,
-            "column": 9,
-            "length": 3
+            "column": 5,
+            "length": 14
           },
           "deprecated": false
         },
@@ -1696,8 +1696,8 @@
           "location": {
             "filename": "../../tools/fidl/fidlc/testdata/table.test.fidl",
             "line": 91,
-            "column": 9,
-            "length": 3
+            "column": 5,
+            "length": 14
           },
           "deprecated": false
         },
@@ -1720,8 +1720,8 @@
           "location": {
             "filename": "../../tools/fidl/fidlc/testdata/table.test.fidl",
             "line": 92,
-            "column": 9,
-            "length": 3
+            "column": 5,
+            "length": 14
           },
           "deprecated": false
         },
@@ -1744,8 +1744,8 @@
           "location": {
             "filename": "../../tools/fidl/fidlc/testdata/table.test.fidl",
             "line": 93,
-            "column": 9,
-            "length": 3
+            "column": 5,
+            "length": 14
           },
           "deprecated": false
         },
@@ -1768,8 +1768,8 @@
           "location": {
             "filename": "../../tools/fidl/fidlc/testdata/table.test.fidl",
             "line": 94,
-            "column": 9,
-            "length": 3
+            "column": 5,
+            "length": 14
           },
           "deprecated": false
         },
@@ -1792,8 +1792,8 @@
           "location": {
             "filename": "../../tools/fidl/fidlc/testdata/table.test.fidl",
             "line": 95,
-            "column": 9,
-            "length": 3
+            "column": 5,
+            "length": 14
           },
           "deprecated": false
         },
@@ -1816,8 +1816,8 @@
           "location": {
             "filename": "../../tools/fidl/fidlc/testdata/table.test.fidl",
             "line": 96,
-            "column": 9,
-            "length": 3
+            "column": 5,
+            "length": 14
           },
           "deprecated": false
         },
@@ -1840,8 +1840,8 @@
           "location": {
             "filename": "../../tools/fidl/fidlc/testdata/table.test.fidl",
             "line": 97,
-            "column": 9,
-            "length": 3
+            "column": 5,
+            "length": 14
           },
           "deprecated": false
         },
@@ -1864,8 +1864,8 @@
           "location": {
             "filename": "../../tools/fidl/fidlc/testdata/table.test.fidl",
             "line": 98,
-            "column": 9,
-            "length": 3
+            "column": 5,
+            "length": 14
           },
           "deprecated": false
         },
@@ -1888,8 +1888,8 @@
           "location": {
             "filename": "../../tools/fidl/fidlc/testdata/table.test.fidl",
             "line": 99,
-            "column": 9,
-            "length": 3
+            "column": 5,
+            "length": 14
           },
           "deprecated": false
         },
@@ -1912,8 +1912,8 @@
           "location": {
             "filename": "../../tools/fidl/fidlc/testdata/table.test.fidl",
             "line": 100,
-            "column": 9,
-            "length": 3
+            "column": 5,
+            "length": 14
           },
           "deprecated": false
         },
@@ -1937,8 +1937,8 @@
           "location": {
             "filename": "../../tools/fidl/fidlc/testdata/table.test.fidl",
             "line": 101,
-            "column": 9,
-            "length": 3
+            "column": 5,
+            "length": 23
           },
           "deprecated": false
         }
@@ -1967,18 +1967,6 @@
         "length": 19
       },
       "deprecated": false,
-      "maybe_attributes": [
-        {
-          "name": "foo",
-          "arguments": [],
-          "location": {
-            "filename": "../../tools/fidl/fidlc/testdata/table.test.fidl",
-            "line": 28,
-            "column": 1,
-            "length": 4
-          }
-        }
-      ],
       "members": [
         {
           "ordinal": 1,
@@ -1998,9 +1986,9 @@
           "name": "x",
           "location": {
             "filename": "../../tools/fidl/fidlc/testdata/table.test.fidl",
-            "line": 31,
-            "column": 8,
-            "length": 1
+            "line": 30,
+            "column": 5,
+            "length": 20
           },
           "deprecated": false,
           "maybe_attributes": [
@@ -2019,6 +2007,18 @@
       ],
       "strict": false,
       "resource": false,
+      "maybe_attributes": [
+        {
+          "name": "foo",
+          "arguments": [],
+          "location": {
+            "filename": "../../tools/fidl/fidlc/testdata/table.test.fidl",
+            "line": 28,
+            "column": 1,
+            "length": 4
+          }
+        }
+      ],
       "type_shape_v2": {
         "inline_size": 16,
         "alignment": 8,
